<?xml version="1.0" encoding="UTF-8"?>
<testsuite name="org.ait.qa25_Granov.AddContactTests" tests="1" skipped="0" failures="0" errors="0" timestamp="2023-09-07T13:28:44" hostname="LAPTOPAG" time="2.317">
  <properties/>
  <testcase name="addContactPositiveTest" classname="org.ait.qa25_Granov.AddContactTests" time="2.317"/>
  <system-out><![CDATA[]]></system-out>
  <system-err><![CDATA[]]></system-err>
</testsuite>
