<?xml version="1.0" encoding="UTF-8"?>
<testsuite name="org.ait.qa25_Granov.LoginTests" tests="2" skipped="0" failures="0" errors="0" timestamp="2023-09-07T13:29:08" hostname="LAPTOPAG" time="2.25">
  <properties/>
  <testcase name="loginNegativeWithoutTest" classname="org.ait.qa25_Granov.LoginTests" time="1.331"/>
  <testcase name="loginPositiveTest" classname="org.ait.qa25_Granov.LoginTests" time="0.823"/>
  <system-out><![CDATA[]]></system-out>
  <system-err><![CDATA[]]></system-err>
</testsuite>
