<?xml version="1.0" encoding="UTF-8"?>
<testsuite name="org.ait.qa25_Granov.HomePageTests" tests="1" skipped="0" failures="0" errors="0" timestamp="2023-09-07T13:29:08" hostname="LAPTOPAG" time="0.031">
  <properties/>
  <testcase name="isHomeComponentPresentTest" classname="org.ait.qa25_Granov.HomePageTests" time="0.031"/>
  <system-out><![CDATA[]]></system-out>
  <system-err><![CDATA[]]></system-err>
</testsuite>
