<?xml version="1.0" encoding="UTF-8"?>
<testsuite name="org.ait.qa25_Granov.RemoveContactTest" tests="1" skipped="0" failures="0" errors="0" timestamp="2023-09-07T13:29:23" hostname="LAPTOPAG" time="1.655">
  <properties/>
  <testcase name="removeContactTest" classname="org.ait.qa25_Granov.RemoveContactTest" time="1.655"/>
  <system-out><![CDATA[]]></system-out>
  <system-err><![CDATA[]]></system-err>
</testsuite>
