<?xml version="1.0" encoding="UTF-8"?>
<testsuite name="org.ait.qa25_Granov.CreateAccountTests" tests="1" skipped="0" failures="0" errors="0" timestamp="2023-09-07T13:28:57" hostname="LAPTOPAG" time="1.569">
  <properties/>
  <testcase name="existedUserNegativeTest" classname="org.ait.qa25_Granov.CreateAccountTests" time="1.569"/>
  <system-out><![CDATA[]]></system-out>
  <system-err><![CDATA[]]></system-err>
</testsuite>
